d:\laptrinhc\thuc tap\windows_explorer\windows_explorer\windows_explorer\debug\vc141.pdb
d:\laptrinhc\thuc tap\windows_explorer\windows_explorer\windows_explorer\debug\vc141.idb
d:\laptrinhc\thuc tap\windows_explorer\windows_explorer\windows_explorer\debug\windows_explorer.obj
d:\laptrinhc\thuc tap\windows_explorer\windows_explorer\windows_explorer\debug\ctabview.obj
d:\laptrinhc\thuc tap\windows_explorer\windows_explorer\windows_explorer\debug\cmenu.obj
d:\laptrinhc\thuc tap\windows_explorer\windows_explorer\windows_explorer\debug\otherfuntions.obj
d:\laptrinhc\thuc tap\windows_explorer\windows_explorer\windows_explorer\debug\ctreeview.obj
d:\laptrinhc\thuc tap\windows_explorer\windows_explorer\windows_explorer\debug\ctoolbar.obj
d:\laptrinhc\thuc tap\windows_explorer\windows_explorer\windows_explorer\debug\cstatus.obj
d:\laptrinhc\thuc tap\windows_explorer\windows_explorer\windows_explorer\debug\clistview.obj
d:\laptrinhc\thuc tap\windows_explorer\windows_explorer\windows_explorer\debug\ccombobox.obj
d:\laptrinhc\thuc tap\windows_explorer\windows_explorer\windows_explorer\debug\cbbsort.obj
d:\laptrinhc\thuc tap\windows_explorer\windows_explorer\windows_explorer\debug\windows_explorer.pch
d:\laptrinhc\thuc tap\windows_explorer\windows_explorer\windows_explorer\debug\stdafx.obj
d:\laptrinhc\thuc tap\windows_explorer\windows_explorer\debug\windows_explorer.exe
d:\laptrinhc\thuc tap\windows_explorer\windows_explorer\debug\windows_explorer.ilk
d:\laptrinhc\thuc tap\windows_explorer\windows_explorer\debug\windows_explorer.pdb
d:\laptrinhc\thuc tap\windows_explorer\windows_explorer\windows_explorer\debug\windows_explorer.res
d:\laptrinhc\thuc tap\windows_explorer\windows_explorer\windows_explorer\debug\windows_explorer.tlog\cl.command.1.tlog
d:\laptrinhc\thuc tap\windows_explorer\windows_explorer\windows_explorer\debug\windows_explorer.tlog\cl.read.1.tlog
d:\laptrinhc\thuc tap\windows_explorer\windows_explorer\windows_explorer\debug\windows_explorer.tlog\cl.write.1.tlog
d:\laptrinhc\thuc tap\windows_explorer\windows_explorer\windows_explorer\debug\windows_explorer.tlog\link.command.1.tlog
d:\laptrinhc\thuc tap\windows_explorer\windows_explorer\windows_explorer\debug\windows_explorer.tlog\link.read.1.tlog
d:\laptrinhc\thuc tap\windows_explorer\windows_explorer\windows_explorer\debug\windows_explorer.tlog\link.write.1.tlog
d:\laptrinhc\thuc tap\windows_explorer\windows_explorer\windows_explorer\debug\windows_explorer.tlog\rc.command.1.tlog
d:\laptrinhc\thuc tap\windows_explorer\windows_explorer\windows_explorer\debug\windows_explorer.tlog\rc.read.1.tlog
d:\laptrinhc\thuc tap\windows_explorer\windows_explorer\windows_explorer\debug\windows_explorer.tlog\rc.write.1.tlog
